<?xml version="1.0" encoding="UTF-8"?>
<testsuite name="Registrarse en la pagina de la comunidad de tester." tests="1" skipped="0" failures="1" errors="0" timestamp="2020-12-29T23:51:07" hostname="DESKTOP-HGED66D" time="114.068">
  <properties/>
  <testcase name="Registrar un nuevo usuario" classname="Registrarse en la pagina de la comunidad de tester." time="114.068">
    <failure message="org.openqa.selenium.support.ui.UnexpectedTagNameException: Element should have been &quot;select&quot; but was &quot;ng-message&quot;&#10;Build info: version: '3.141.59', revision: 'e82be7d358', time: '2018-11-14T08:17:03'&#10;System info: host: 'DESKTOP-HGED66D', ip: '192.168.0.19', os.name: 'Windows 10', os.arch: 'amd64', os.version: '10.0', java.version: '1.8.0_271'&#10;Driver info: driver.version: unknown" type="org.openqa.selenium.support.ui.UnexpectedTagNameException">org.openqa.selenium.support.ui.UnexpectedTagNameException: Element should have been &quot;select&quot; but was &quot;ng-message&quot;
Build info: version: '3.141.59', revision: 'e82be7d358', time: '2018-11-14T08:17:03'
System info: host: 'DESKTOP-HGED66D', ip: '192.168.0.19', os.name: 'Windows 10', os.arch: 'amd64', os.version: '10.0', java.version: '1.8.0_271'
Driver info: driver.version: unknown
	at org.openqa.selenium.support.ui.Select.&lt;init&gt;(Select.java:48)
	at net.serenitybdd.core.pages.DropdownSelector.byVisibleText(DropdownSelector.java:18)
	at net.serenitybdd.core.pages.WebElementFacadeImpl.selectByVisibleText(WebElementFacadeImpl.java:918)
	at net.serenitybdd.screenplay.actions.selectactions.SelectByVisibleTextFromTarget.performAs(SelectByVisibleTextFromTarget.java:19)
	at net.serenitybdd.screenplay.actions.selectactions.SelectByVisibleTextFromTarget$ByteBuddy$RqJJlQNS.performAs$accessor$QO37ZbWX(Unknown Source)
	at sun.reflect.NativeMethodAccessorImpl.invoke0(Native Method)
	at sun.reflect.NativeMethodAccessorImpl.invoke(NativeMethodAccessorImpl.java:62)
	at sun.reflect.DelegatingMethodAccessorImpl.invoke(DelegatingMethodAccessorImpl.java:43)
	at java.lang.reflect.Method.invoke(Method.java:498)
	at net.thucydides.core.steps.StepInterceptor.invokeMethod(StepInterceptor.java:471)
	at net.thucydides.core.steps.StepInterceptor.executeTestStepMethod(StepInterceptor.java:451)
	at net.thucydides.core.steps.StepInterceptor.runTestStep(StepInterceptor.java:424)
	at net.thucydides.core.steps.StepInterceptor.runOrSkipMethod(StepInterceptor.java:180)
	at net.thucydides.core.steps.StepInterceptor.testStepResult(StepInterceptor.java:167)
	at net.thucydides.core.steps.StepInterceptor.intercept(StepInterceptor.java:75)
	at net.serenitybdd.screenplay.actions.selectactions.SelectByVisibleTextFromTarget$ByteBuddy$RqJJlQNS.performAs(Unknown Source)
	at net.serenitybdd.screenplay.Actor.performTask(Actor.java:233)
	at net.serenitybdd.screenplay.Actor.perform(Actor.java:214)
	at net.serenitybdd.screenplay.Actor.attemptsTo(Actor.java:171)
	at choucair.prueba.proyectobase.tasks.Registrar.performAs(Registrar.java:41)
	at choucair.prueba.proyectobase.tasks.Registrar$ByteBuddy$V6UE0YhK.performAs$accessor$t5WbfmSQ(Unknown Source)
	at sun.reflect.NativeMethodAccessorImpl.invoke0(Native Method)
	at sun.reflect.NativeMethodAccessorImpl.invoke(NativeMethodAccessorImpl.java:62)
	at sun.reflect.DelegatingMethodAccessorImpl.invoke(DelegatingMethodAccessorImpl.java:43)
	at java.lang.reflect.Method.invoke(Method.java:498)
	at net.thucydides.core.steps.StepInterceptor.invokeMethod(StepInterceptor.java:471)
	at net.thucydides.core.steps.StepInterceptor.executeTestStepMethod(StepInterceptor.java:451)
	at net.thucydides.core.steps.StepInterceptor.runTestStep(StepInterceptor.java:424)
	at net.thucydides.core.steps.StepInterceptor.runOrSkipMethod(StepInterceptor.java:180)
	at net.thucydides.core.steps.StepInterceptor.testStepResult(StepInterceptor.java:167)
	at net.thucydides.core.steps.StepInterceptor.intercept(StepInterceptor.java:75)
	at choucair.prueba.proyectobase.tasks.Registrar$ByteBuddy$V6UE0YhK.performAs(Unknown Source)
	at net.serenitybdd.screenplay.Actor.performTask(Actor.java:233)
	at net.serenitybdd.screenplay.Actor.perform(Actor.java:214)
	at net.serenitybdd.screenplay.Actor.attemptsTo(Actor.java:171)
	at choucair.prueba.proyectobase.stepdefinitions.choucairRetoStepDefinitions.ellaDiligenciaElFormularioConSuInformacionPersonal(choucairRetoStepDefinitions.java:30)
	at ✽.ella diligencia el formulario con su informacion personal(src/test/resources/Features/retoChoucair.feature:9)
</failure>
  </testcase>
  <system-out><![CDATA[]]></system-out>
  <system-err><![CDATA[[Test worker] WARN net.thucydides.core.steps.BaseStepListener - stepStarted: net.thucydides.core.steps.ExecutedStepDescription@5675a260
[Test worker] WARN net.thucydides.core.steps.BaseStepListener - stepStarted: net.thucydides.core.steps.ExecutedStepDescription@37c92233
[Test worker] WARN net.thucydides.core.steps.BaseStepListener - stepStarted: net.thucydides.core.steps.ExecutedStepDescription@1b668447
dic 29, 2020 6:51:22 PM org.openqa.selenium.remote.DesiredCapabilities chrome
INFORMACIÓN: Using `new ChromeOptions()` is preferred to `DesiredCapabilities.chrome()`
[Test worker] INFO net.serenitybdd.core.webdriver.driverproviders.ProvideNewDriver - Instantiating driver
[Test worker] INFO net.serenitybdd.core.webdriver.driverproviders.ProvideNewDriver - Driver capabilities: Capabilities {acceptInsecureCerts: false, browserName: chrome, chrome.switches: --star-maximized, goog:chromeOptions: {args: [--star-maximized], extensions: []}, loggingPrefs: org.openqa.selenium.logging..., platform: ANY, version: }
Starting ChromeDriver 87.0.4280.88 (89e2380a3e36c3464b5dd1302349b1382549290d-refs/branch-heads/4280@{#1761}) on port 31353
Only local connections are allowed.
Please see https://chromedriver.chromium.org/security-considerations for suggestions on keeping ChromeDriver safe.
ChromeDriver was started successfully.
dic 29, 2020 6:52:10 PM org.openqa.selenium.remote.ProtocolHandshake createSession
INFORMACIÓN: Detected dialect: W3C
[Test worker] WARN net.thucydides.core.steps.BaseStepListener - stepFinished: current outcome:Registrar un nuevo usuario:Example: {nombre=Silvana, apellido=Fernandez, email=sil@gl.com, mes_Cumpleanio=January, dia_cumpleanio=31, anio_cumpleanio=1990, ciudad=Bogota, codigo_postal=19800, pais=Colombia} [Dado que Silvana quiere registrarse en la comunidad de tester [Silvana abrir pagina [Silvana opens the Testerpagina]]]
[Test worker] WARN net.thucydides.core.steps.BaseStepListener - stepFinished: current outcome:Registrar un nuevo usuario:Example: {nombre=Silvana, apellido=Fernandez, email=sil@gl.com, mes_Cumpleanio=January, dia_cumpleanio=31, anio_cumpleanio=1990, ciudad=Bogota, codigo_postal=19800, pais=Colombia} [Dado que Silvana quiere registrarse en la comunidad de tester [Silvana abrir pagina [Silvana opens the Testerpagina]]]
[Test worker] WARN net.thucydides.core.steps.BaseStepListener - stepFinished: current outcome:Registrar un nuevo usuario:Example: {nombre=Silvana, apellido=Fernandez, email=sil@gl.com, mes_Cumpleanio=January, dia_cumpleanio=31, anio_cumpleanio=1990, ciudad=Bogota, codigo_postal=19800, pais=Colombia} [Dado que Silvana quiere registrarse en la comunidad de tester [Silvana abrir pagina [Silvana opens the Testerpagina]]]
[Test worker] WARN net.thucydides.core.steps.BaseStepListener - stepStarted: net.thucydides.core.steps.ExecutedStepDescription@3d3387
[Test worker] WARN net.thucydides.core.steps.BaseStepListener - stepStarted: net.thucydides.core.steps.ExecutedStepDescription@77531ec1
[Test worker] WARN net.thucydides.core.steps.BaseStepListener - stepStarted: net.thucydides.core.steps.ExecutedStepDescription@520007c1
[Test worker] WARN net.thucydides.core.steps.BaseStepListener - stepFinished: current outcome:Registrar un nuevo usuario:Example: {nombre=Silvana, apellido=Fernandez, email=sil@gl.com, mes_Cumpleanio=January, dia_cumpleanio=31, anio_cumpleanio=1990, ciudad=Bogota, codigo_postal=19800, pais=Colombia} [Dado que Silvana quiere registrarse en la comunidad de tester [Silvana abrir pagina [Silvana opens the Testerpagina]], Cuando ella diligencia el formulario con su informacion personal
| nombre | apellido | email | mes_Cumpleanio | dia_cumpleanio | anio_cumpleanio | ciudad | codigo_postal | pais |
| Silvana | Fernandez | sil@gl.com | January | 31 | 1990 | Bogota | 19800 | Colombia | [Silvana registrar [Silvana clicks on Boton para ver el formulario de registro]]]
[Test worker] WARN net.thucydides.core.steps.BaseStepListener - stepStarted: net.thucydides.core.steps.ExecutedStepDescription@6c0f8953
[Test worker] WARN net.thucydides.core.steps.BaseStepListener - stepFinished: current outcome:Registrar un nuevo usuario:Example: {nombre=Silvana, apellido=Fernandez, email=sil@gl.com, mes_Cumpleanio=January, dia_cumpleanio=31, anio_cumpleanio=1990, ciudad=Bogota, codigo_postal=19800, pais=Colombia} [Dado que Silvana quiere registrarse en la comunidad de tester [Silvana abrir pagina [Silvana opens the Testerpagina]], Cuando ella diligencia el formulario con su informacion personal
| nombre | apellido | email | mes_Cumpleanio | dia_cumpleanio | anio_cumpleanio | ciudad | codigo_postal | pais |
| Silvana | Fernandez | sil@gl.com | January | 31 | 1990 | Bogota | 19800 | Colombia | [Silvana registrar [Silvana clicks on Boton para ver el formulario de registro, Silvana enters 'Silvana' into Ingresar el primer Nombre]]]
[Test worker] WARN net.thucydides.core.steps.BaseStepListener - stepStarted: net.thucydides.core.steps.ExecutedStepDescription@28d8fda5
[Test worker] WARN net.thucydides.core.steps.BaseStepListener - stepFinished: current outcome:Registrar un nuevo usuario:Example: {nombre=Silvana, apellido=Fernandez, email=sil@gl.com, mes_Cumpleanio=January, dia_cumpleanio=31, anio_cumpleanio=1990, ciudad=Bogota, codigo_postal=19800, pais=Colombia} [Dado que Silvana quiere registrarse en la comunidad de tester [Silvana abrir pagina [Silvana opens the Testerpagina]], Cuando ella diligencia el formulario con su informacion personal
| nombre | apellido | email | mes_Cumpleanio | dia_cumpleanio | anio_cumpleanio | ciudad | codigo_postal | pais |
| Silvana | Fernandez | sil@gl.com | January | 31 | 1990 | Bogota | 19800 | Colombia | [Silvana registrar [Silvana clicks on Boton para ver el formulario de registro, Silvana enters 'Silvana' into Ingresar el primer Nombre, Silvana enters 'Fernandez' into Ingresar el apellido]]]
[Test worker] WARN net.thucydides.core.steps.BaseStepListener - stepStarted: net.thucydides.core.steps.ExecutedStepDescription@29e0faa5
[Test worker] WARN net.thucydides.core.steps.BaseStepListener - stepFinished: current outcome:Registrar un nuevo usuario:Example: {nombre=Silvana, apellido=Fernandez, email=sil@gl.com, mes_Cumpleanio=January, dia_cumpleanio=31, anio_cumpleanio=1990, ciudad=Bogota, codigo_postal=19800, pais=Colombia} [Dado que Silvana quiere registrarse en la comunidad de tester [Silvana abrir pagina [Silvana opens the Testerpagina]], Cuando ella diligencia el formulario con su informacion personal
| nombre | apellido | email | mes_Cumpleanio | dia_cumpleanio | anio_cumpleanio | ciudad | codigo_postal | pais |
| Silvana | Fernandez | sil@gl.com | January | 31 | 1990 | Bogota | 19800 | Colombia | [Silvana registrar [Silvana clicks on Boton para ver el formulario de registro, Silvana enters 'Silvana' into Ingresar el primer Nombre, Silvana enters 'Fernandez' into Ingresar el apellido, Silvana enters 'sil@gl.com' into Ingresar el correo eletronico]]]
[Test worker] WARN net.thucydides.core.steps.BaseStepListener - stepStarted: net.thucydides.core.steps.ExecutedStepDescription@7c2d2422
[Test worker] WARN net.thucydides.core.steps.BaseStepListener - stepFinished: current outcome:Registrar un nuevo usuario:Example: {nombre=Silvana, apellido=Fernandez, email=sil@gl.com, mes_Cumpleanio=January, dia_cumpleanio=31, anio_cumpleanio=1990, ciudad=Bogota, codigo_postal=19800, pais=Colombia} [Dado que Silvana quiere registrarse en la comunidad de tester [Silvana abrir pagina [Silvana opens the Testerpagina]], Cuando ella diligencia el formulario con su informacion personal
| nombre | apellido | email | mes_Cumpleanio | dia_cumpleanio | anio_cumpleanio | ciudad | codigo_postal | pais |
| Silvana | Fernandez | sil@gl.com | January | 31 | 1990 | Bogota | 19800 | Colombia | [Silvana registrar [Silvana clicks on Boton para ver el formulario de registro, Silvana enters 'Silvana' into Ingresar el primer Nombre, Silvana enters 'Fernandez' into Ingresar el apellido, Silvana enters 'sil@gl.com' into Ingresar el correo eletronico, Silvana select January on Seleccionar el mes de nacimiento]]]
[Test worker] WARN net.thucydides.core.steps.BaseStepListener - stepStarted: net.thucydides.core.steps.ExecutedStepDescription@5ac5186e
[Test worker] WARN net.thucydides.core.steps.BaseStepListener - stepFinished: current outcome:Registrar un nuevo usuario:Example: {nombre=Silvana, apellido=Fernandez, email=sil@gl.com, mes_Cumpleanio=January, dia_cumpleanio=31, anio_cumpleanio=1990, ciudad=Bogota, codigo_postal=19800, pais=Colombia} [Dado que Silvana quiere registrarse en la comunidad de tester [Silvana abrir pagina [Silvana opens the Testerpagina]], Cuando ella diligencia el formulario con su informacion personal
| nombre | apellido | email | mes_Cumpleanio | dia_cumpleanio | anio_cumpleanio | ciudad | codigo_postal | pais |
| Silvana | Fernandez | sil@gl.com | January | 31 | 1990 | Bogota | 19800 | Colombia | [Silvana registrar [Silvana clicks on Boton para ver el formulario de registro, Silvana enters 'Silvana' into Ingresar el primer Nombre, Silvana enters 'Fernandez' into Ingresar el apellido, Silvana enters 'sil@gl.com' into Ingresar el correo eletronico, Silvana select January on Seleccionar el mes de nacimiento, Silvana select 31 on Seleccionar el dia de nacimiento]]]
[Test worker] WARN net.thucydides.core.steps.BaseStepListener - stepStarted: net.thucydides.core.steps.ExecutedStepDescription@47cc9225
[Test worker] WARN net.thucydides.core.steps.BaseStepListener - stepFinished: current outcome:Registrar un nuevo usuario:Example: {nombre=Silvana, apellido=Fernandez, email=sil@gl.com, mes_Cumpleanio=January, dia_cumpleanio=31, anio_cumpleanio=1990, ciudad=Bogota, codigo_postal=19800, pais=Colombia} [Dado que Silvana quiere registrarse en la comunidad de tester [Silvana abrir pagina [Silvana opens the Testerpagina]], Cuando ella diligencia el formulario con su informacion personal
| nombre | apellido | email | mes_Cumpleanio | dia_cumpleanio | anio_cumpleanio | ciudad | codigo_postal | pais |
| Silvana | Fernandez | sil@gl.com | January | 31 | 1990 | Bogota | 19800 | Colombia | [Silvana registrar [Silvana clicks on Boton para ver el formulario de registro, Silvana enters 'Silvana' into Ingresar el primer Nombre, Silvana enters 'Fernandez' into Ingresar el apellido, Silvana enters 'sil@gl.com' into Ingresar el correo eletronico, Silvana select January on Seleccionar el mes de nacimiento, Silvana select 31 on Seleccionar el dia de nacimiento, Silvana select 1990 on Seleccionar el aÃ±o de nacimiento]]]
[Test worker] WARN net.thucydides.core.steps.BaseStepListener - stepStarted: net.thucydides.core.steps.ExecutedStepDescription@1c9f6ab
[Test worker] WARN net.thucydides.core.steps.BaseStepListener - stepFinished: current outcome:Registrar un nuevo usuario:Example: {nombre=Silvana, apellido=Fernandez, email=sil@gl.com, mes_Cumpleanio=January, dia_cumpleanio=31, anio_cumpleanio=1990, ciudad=Bogota, codigo_postal=19800, pais=Colombia} [Dado que Silvana quiere registrarse en la comunidad de tester [Silvana abrir pagina [Silvana opens the Testerpagina]], Cuando ella diligencia el formulario con su informacion personal
| nombre | apellido | email | mes_Cumpleanio | dia_cumpleanio | anio_cumpleanio | ciudad | codigo_postal | pais |
| Silvana | Fernandez | sil@gl.com | January | 31 | 1990 | Bogota | 19800 | Colombia | [Silvana registrar [Silvana clicks on Boton para ver el formulario de registro, Silvana enters 'Silvana' into Ingresar el primer Nombre, Silvana enters 'Fernandez' into Ingresar el apellido, Silvana enters 'sil@gl.com' into Ingresar el correo eletronico, Silvana select January on Seleccionar el mes de nacimiento, Silvana select 31 on Seleccionar el dia de nacimiento, Silvana select 1990 on Seleccionar el aÃ±o de nacimiento, Silvana clicks on Boton para continuar con la segunda parte del formulario de registro]]]
[Test worker] WARN net.thucydides.core.steps.BaseStepListener - stepStarted: net.thucydides.core.steps.ExecutedStepDescription@34a7727
[Test worker] WARN net.thucydides.core.steps.BaseStepListener - stepFinished: current outcome:Registrar un nuevo usuario:Example: {nombre=Silvana, apellido=Fernandez, email=sil@gl.com, mes_Cumpleanio=January, dia_cumpleanio=31, anio_cumpleanio=1990, ciudad=Bogota, codigo_postal=19800, pais=Colombia} [Dado que Silvana quiere registrarse en la comunidad de tester [Silvana abrir pagina [Silvana opens the Testerpagina]], Cuando ella diligencia el formulario con su informacion personal
| nombre | apellido | email | mes_Cumpleanio | dia_cumpleanio | anio_cumpleanio | ciudad | codigo_postal | pais |
| Silvana | Fernandez | sil@gl.com | January | 31 | 1990 | Bogota | 19800 | Colombia | [Silvana registrar [Silvana clicks on Boton para ver el formulario de registro, Silvana enters 'Silvana' into Ingresar el primer Nombre, Silvana enters 'Fernandez' into Ingresar el apellido, Silvana enters 'sil@gl.com' into Ingresar el correo eletronico, Silvana select January on Seleccionar el mes de nacimiento, Silvana select 31 on Seleccionar el dia de nacimiento, Silvana select 1990 on Seleccionar el aÃ±o de nacimiento, Silvana clicks on Boton para continuar con la segunda parte del formulario de registro, Silvana enters 'Bogota' into Ingresar la ciudad]]]
[Test worker] WARN net.thucydides.core.steps.BaseStepListener - stepStarted: net.thucydides.core.steps.ExecutedStepDescription@3aea80ea
[Test worker] WARN net.thucydides.core.steps.BaseStepListener - stepStarted: net.thucydides.core.steps.ExecutedStepDescription@93f717c
[Test worker] WARN net.thucydides.core.steps.BaseStepListener - testFinished: Registrar un nuevo usuario:Example: {nombre=Silvana, apellido=Fernandez, email=sil@gl.com, mes_Cumpleanio=January, dia_cumpleanio=31, anio_cumpleanio=1990, ciudad=Bogota, codigo_postal=19800, pais=Colombia} [Dado que Silvana quiere registrarse en la comunidad de tester [Silvana abrir pagina [Silvana opens the Testerpagina]], Cuando ella diligencia el formulario con su informacion personal
| nombre | apellido | email | mes_Cumpleanio | dia_cumpleanio | anio_cumpleanio | ciudad | codigo_postal | pais |
| Silvana | Fernandez | sil@gl.com | January | 31 | 1990 | Bogota | 19800 | Colombia | [Silvana registrar [Silvana clicks on Boton para ver el formulario de registro, Silvana enters 'Silvana' into Ingresar el primer Nombre, Silvana enters 'Fernandez' into Ingresar el apellido, Silvana enters 'sil@gl.com' into Ingresar el correo eletronico, Silvana select January on Seleccionar el mes de nacimiento, Silvana select 31 on Seleccionar el dia de nacimiento, Silvana select 1990 on Seleccionar el aÃ±o de nacimiento, Silvana clicks on Boton para continuar con la segunda parte del formulario de registro, Silvana enters 'Bogota' into Ingresar la ciudad, Silvana select Bogota on Se selecciona la ciudad]]], Entonces ella es un nuevo usuario en la pagina de tester
[Test worker] WARN net.thucydides.core.steps.BaseStepListener - TestOutcomes: [Registrar un nuevo usuario:Example: {nombre=Silvana, apellido=Fernandez, email=sil@gl.com, mes_Cumpleanio=January, dia_cumpleanio=31, anio_cumpleanio=1990, ciudad=Bogota, codigo_postal=19800, pais=Colombia} [Dado que Silvana quiere registrarse en la comunidad de tester [Silvana abrir pagina [Silvana opens the Testerpagina]], Cuando ella diligencia el formulario con su informacion personal
| nombre | apellido | email | mes_Cumpleanio | dia_cumpleanio | anio_cumpleanio | ciudad | codigo_postal | pais |
| Silvana | Fernandez | sil@gl.com | January | 31 | 1990 | Bogota | 19800 | Colombia | [Silvana registrar [Silvana clicks on Boton para ver el formulario de registro, Silvana enters 'Silvana' into Ingresar el primer Nombre, Silvana enters 'Fernandez' into Ingresar el apellido, Silvana enters 'sil@gl.com' into Ingresar el correo eletronico, Silvana select January on Seleccionar el mes de nacimiento, Silvana select 31 on Seleccionar el dia de nacimiento, Silvana select 1990 on Seleccionar el aÃ±o de nacimiento, Silvana clicks on Boton para continuar con la segunda parte del formulario de registro, Silvana enters 'Bogota' into Ingresar la ciudad, Silvana select Bogota on Se selecciona la ciudad]]], Entonces ella es un nuevo usuario en la pagina de tester]
[Test worker] WARN net.thucydides.core.steps.BaseStepListener - Final testOutcomes: [Registrar un nuevo usuario:Example: {nombre=Silvana, apellido=Fernandez, email=sil@gl.com, mes_Cumpleanio=January, dia_cumpleanio=31, anio_cumpleanio=1990, ciudad=Bogota, codigo_postal=19800, pais=Colombia} [Dado que Silvana quiere registrarse en la comunidad de tester [Silvana abrir pagina [Silvana opens the Testerpagina]], Cuando ella diligencia el formulario con su informacion personal
| nombre | apellido | email | mes_Cumpleanio | dia_cumpleanio | anio_cumpleanio | ciudad | codigo_postal | pais |
| Silvana | Fernandez | sil@gl.com | January | 31 | 1990 | Bogota | 19800 | Colombia | [Silvana registrar [Silvana clicks on Boton para ver el formulario de registro, Silvana enters 'Silvana' into Ingresar el primer Nombre, Silvana enters 'Fernandez' into Ingresar el apellido, Silvana enters 'sil@gl.com' into Ingresar el correo eletronico, Silvana select January on Seleccionar el mes de nacimiento, Silvana select 31 on Seleccionar el dia de nacimiento, Silvana select 1990 on Seleccionar el aÃ±o de nacimiento, Silvana clicks on Boton para continuar con la segunda parte del formulario de registro, Silvana enters 'Bogota' into Ingresar la ciudad, Silvana select Bogota on Se selecciona la ciudad]]], Entonces ella es un nuevo usuario en la pagina de tester]
[Test worker] ERROR net.thucydides.core.steps.ConsoleLoggingListener - 
           __  _____ _____ ____ _____   _____ _    ___ _     _____ ____  
  _       / / |_   _| ____/ ___|_   _| |  ___/ \  |_ _| |   | ____|  _ \ 
 (_)_____| |    | | |  _| \___ \ | |   | |_ / _ \  | || |   |  _| | | | |
  _|_____| |    | | | |___ ___) || |   |  _/ ___ \ | || |___| |___| |_| |
 (_)     | |    |_| |_____|____/ |_|   |_|/_/   \_\___|_____|_____|____/ 
          \_\                                                            

TEST FAILED WITH ERROR: Registrar un nuevo usuario
---------------------------------------------------------------------
[Test worker] ERROR net.thucydides.core.steps.ConsoleLoggingListener - TEST FAILED AT STEP Silvana select Bogota on Se selecciona la ciudad
[Test worker] ERROR net.thucydides.core.steps.ConsoleLoggingListener - Element should have been "select" but was "ng-message"
]]></system-err>
</testsuite>
